# JRE version: OpenJDK Runtime Environment (8.0_222-b10) (build 1.8.0_222-8u222-b10-1ubuntu1~18.04.1-b10)
# Java VM: OpenJDK 64-Bit Server VM (25.222-b10 mixed mode linux-amd64 compressed oops)
Heap:
 PSYoungGen      total 68096K, used 5055K [0x00000000ebf80000, 0x00000000f0880000, 0x0000000100000000)
  eden space 62464K, 0% used [0x00000000ebf80000,0x00000000ebf80000,0x00000000efc80000)
  from space 5632K, 89% used [0x00000000efc80000,0x00000000f016fe00,0x00000000f0200000)
  to   space 4608K, 0% used [0x00000000f0200000,0x00000000f0200000,0x00000000f0680000)
 ParOldGen       total 42496K, used 4873K [0x00000000c3e00000, 0x00000000c6780000, 0x00000000ebf80000)
  object space 42496K, 11% used [0x00000000c3e00000,0x00000000c42c24d8,0x00000000c6780000)
 Metaspace       used 16679K, capacity 17266K, committed 17536K, reserved 1064960K
  class space    used 2164K, capacity 2306K, committed 2432K, reserved 1048576K
GC Heap History (10 events):
Event: 2,994 GC heap after
Heap after GC invocations=2 (full 0):
 PSYoungGen      total 18432K, used 2556K [0x00000000ebf80000, 0x00000000ed400000, 0x0000000100000000)
  eden space 15872K, 0% used [0x00000000ebf80000,0x00000000ebf80000,0x00000000ecf00000)
  from space 2560K, 99% used [0x00000000ed180000,0x00000000ed3ff0b0,0x00000000ed400000)
  to   space 2560K, 0% used [0x00000000ecf00000,0x00000000ecf00000,0x00000000ed180000)
 ParOldGen       total 42496K, used 449K [0x00000000c3e00000, 0x00000000c6780000, 0x00000000ebf80000)
  object space 42496K, 1% used [0x00000000c3e00000,0x00000000c3e70428,0x00000000c6780000)
 Metaspace       used 9396K, capacity 9648K, committed 9984K, reserved 1058816K
  class space    used 1082K, capacity 1164K, committed 1280K, reserved 1048576K
}
Event: 3,180 GC heap before
{Heap before GC invocations=3 (full 0):
 PSYoungGen      total 18432K, used 18423K [0x00000000ebf80000, 0x00000000ed400000, 0x0000000100000000)
  eden space 15872K, 99% used [0x00000000ebf80000,0x00000000ecefeed8,0x00000000ecf00000)
  from space 2560K, 99% used [0x00000000ed180000,0x00000000ed3ff0b0,0x00000000ed400000)
  to   space 2560K, 0% used [0x00000000ecf00000,0x00000000ecf00000,0x00000000ed180000)
 ParOldGen       total 42496K, used 449K [0x00000000c3e00000, 0x00000000c6780000, 0x00000000ebf80000)
  object space 42496K, 1% used [0x00000000c3e00000,0x00000000c3e70428,0x00000000c6780000)
 Metaspace       used 10448K, capacity 10686K, committed 10880K, reserved 1058816K
  class space    used 1215K, capacity 1329K, committed 1408K, reserved 1048576K
Event: 3,185 GC heap after
Heap after GC invocations=3 (full 0):
 PSYoungGen      total 18432K, used 2550K [0x00000000ebf80000, 0x00000000ee380000, 0x0000000100000000)
  eden space 15872K, 0% used [0x00000000ebf80000,0x00000000ebf80000,0x00000000ecf00000)
  from space 2560K, 99% used [0x00000000ecf00000,0x00000000ed17db18,0x00000000ed180000)
  to   space 2560K, 0% used [0x00000000ee100000,0x00000000ee100000,0x00000000ee380000)
 ParOldGen       total 42496K, used 1580K [0x00000000c3e00000, 0x00000000c6780000, 0x00000000ebf80000)
  object space 42496K, 3% used [0x00000000c3e00000,0x00000000c3f8b2f8,0x00000000c6780000)
 Metaspace       used 10448K, capacity 10686K, committed 10880K, reserved 1058816K
  class space    used 1215K, capacity 1329K, committed 1408K, reserved 1048576K
}
Event: 3,190 GC heap before
{Heap before GC invocations=4 (full 0):
 PSYoungGen      total 18432K, used 18379K [0x00000000ebf80000, 0x00000000ee380000, 0x0000000100000000)
  eden space 15872K, 99% used [0x00000000ebf80000,0x00000000ecef5298,0x00000000ecf00000)
  from space 2560K, 99% used [0x00000000ecf00000,0x00000000ed17db18,0x00000000ed180000)
  to   space 2560K, 0% used [0x00000000ee100000,0x00000000ee100000,0x00000000ee380000)
 ParOldGen       total 42496K, used 1580K [0x00000000c3e00000, 0x00000000c6780000, 0x00000000ebf80000)
  object space 42496K, 3% used [0x00000000c3e00000,0x00000000c3f8b2f8,0x00000000c6780000)
 Metaspace       used 10448K, capacity 10686K, committed 10880K, reserved 1058816K
  class space    used 1215K, capacity 1329K, committed 1408K, reserved 1048576K
Event: 3,194 GC heap after
Heap after GC invocations=4 (full 0):
 PSYoungGen      total 34304K, used 2535K [0x00000000ebf80000, 0x00000000ee380000, 0x0000000100000000)
  eden space 31744K, 0% used [0x00000000ebf80000,0x00000000ebf80000,0x00000000ede80000)
  from space 2560K, 99% used [0x00000000ee100000,0x00000000ee379f50,0x00000000ee380000)
  to   space 2560K, 0% used [0x00000000ede80000,0x00000000ede80000,0x00000000ee100000)
 ParOldGen       total 42496K, used 1676K [0x00000000c3e00000, 0x00000000c6780000, 0x00000000ebf80000)
  object space 42496K, 3% used [0x00000000c3e00000,0x00000000c3fa32f8,0x00000000c6780000)
 Metaspace       used 10448K, capacity 10686K, committed 10880K, reserved 1058816K
  class space    used 1215K, capacity 1329K, committed 1408K, reserved 1048576K
}
Event: 3,430 GC heap before
{Heap before GC invocations=5 (full 0):
 PSYoungGen      total 34304K, used 34279K [0x00000000ebf80000, 0x00000000ee380000, 0x0000000100000000)
  eden space 31744K, 100% used [0x00000000ebf80000,0x00000000ede80000,0x00000000ede80000)
  from space 2560K, 99% used [0x00000000ee100000,0x00000000ee379f50,0x00000000ee380000)
  to   space 2560K, 0% used [0x00000000ede80000,0x00000000ede80000,0x00000000ee100000)
 ParOldGen       total 42496K, used 1676K [0x00000000c3e00000, 0x00000000c6780000, 0x00000000ebf80000)
  object space 42496K, 3% used [0x00000000c3e00000,0x00000000c3fa32f8,0x00000000c6780000)
 Metaspace       used 11169K, capacity 11380K, committed 11520K, reserved 1058816K
  class space    used 1331K, capacity 1409K, committed 1536K, reserved 1048576K
Event: 3,435 GC heap after
Heap after GC invocations=5 (full 0):
 PSYoungGen      total 34304K, used 2540K [0x00000000ebf80000, 0x00000000f0680000, 0x0000000100000000)
  eden space 31744K, 0% used [0x00000000ebf80000,0x00000000ebf80000,0x00000000ede80000)
  from space 2560K, 99% used [0x00000000ede80000,0x00000000ee0fb180,0x00000000ee100000)
  to   space 4608K, 0% used [0x00000000f0200000,0x00000000f0200000,0x00000000f0680000)
 ParOldGen       total 42496K, used 3059K [0x00000000c3e00000, 0x00000000c6780000, 0x00000000ebf80000)
  object space 42496K, 7% used [0x00000000c3e00000,0x00000000c40fcec0,0x00000000c6780000)
 Metaspace       used 11169K, capacity 11380K, committed 11520K, reserved 1058816K
  class space    used 1331K, capacity 1409K, committed 1536K, reserved 1048576K
}
Event: 3,776 GC heap before
{Heap before GC invocations=6 (full 0):
 PSYoungGen      total 34304K, used 34284K [0x00000000ebf80000, 0x00000000f0680000, 0x0000000100000000)
  eden space 31744K, 100% used [0x00000000ebf80000,0x00000000ede80000,0x00000000ede80000)
  from space 2560K, 99% used [0x00000000ede80000,0x00000000ee0fb180,0x00000000ee100000)
  to   space 4608K, 0% used [0x00000000f0200000,0x00000000f0200000,0x00000000f0680000)
 ParOldGen       total 42496K, used 3059K [0x00000000c3e00000, 0x00000000c6780000, 0x00000000ebf80000)
  object space 42496K, 7% used [0x00000000c3e00000,0x00000000c40fcec0,0x00000000c6780000)
 Metaspace       used 13783K, capacity 14158K, committed 14336K, reserved 1062912K
  class space    used 1669K, capacity 1790K, committed 1792K, reserved 1048576K
Event: 3,792 GC heap after
Heap after GC invocations=6 (full 0):
 PSYoungGen      total 67072K, used 4604K [0x00000000ebf80000, 0x00000000f0880000, 0x0000000100000000)
  eden space 62464K, 0% used [0x00000000ebf80000,0x00000000ebf80000,0x00000000efc80000)
  from space 4608K, 99% used [0x00000000f0200000,0x00000000f067f3d8,0x00000000f0680000)
  to   space 5632K, 0% used [0x00000000efc80000,0x00000000efc80000,0x00000000f0200000)
 ParOldGen       total 42496K, used 3214K [0x00000000c3e00000, 0x00000000c6780000, 0x00000000ebf80000)
  object space 42496K, 7% used [0x00000000c3e00000,0x00000000c4123968,0x00000000c6780000)
 Metaspace       used 13783K, capacity 14158K, committed 14336K, reserved 1062912K
  class space    used 1669K, capacity 1790K, committed 1792K, reserved 1048576K
}
Event: 106,426 GC heap before
{Heap before GC invocations=7 (full 0):
 PSYoungGen      total 67072K, used 67068K [0x00000000ebf80000, 0x00000000f0880000, 0x0000000100000000)
  eden space 62464K, 100% used [0x00000000ebf80000,0x00000000efc80000,0x00000000efc80000)
  from space 4608K, 99% used [0x00000000f0200000,0x00000000f067f3d8,0x00000000f0680000)
  to   space 5632K, 0% used [0x00000000efc80000,0x00000000efc80000,0x00000000f0200000)
 ParOldGen       total 42496K, used 3214K [0x00000000c3e00000, 0x00000000c6780000, 0x00000000ebf80000)
  object space 42496K, 7% used [0x00000000c3e00000,0x00000000c4123968,0x00000000c6780000)
 Metaspace       used 16679K, capacity 17266K, committed 17536K, reserved 1064960K
  class space    used 2164K, capacity 2306K, committed 2432K, reserved 1048576K

